<?xml version="1.0" encoding="UTF-8"?>
<coverage generated="1589987141860" clover="3.2.0">
  <project timestamp="1589987141860" name="All files">
    <metrics statements="14" coveredstatements="12" conditionals="2" coveredconditionals="1" methods="2" coveredmethods="2" elements="18" coveredelements="15" complexity="0" loc="14" ncloc="14" packages="2" files="2" classes="2"/>
    <package name="MockData">
      <metrics statements="1" coveredstatements="1" conditionals="0" coveredconditionals="0" methods="0" coveredmethods="0"/>
      <file name="MockResponseData.js" path="/Users/mohamadk/Documents/AcronymsApp/AcronymsApp/MockData/MockResponseData.js">
        <metrics statements="1" coveredstatements="1" conditionals="0" coveredconditionals="0" methods="0" coveredmethods="0"/>
        <line num="1" count="1" type="stmt"/>
      </file>
    </package>
    <package name="src.service">
      <metrics statements="13" coveredstatements="11" conditionals="2" coveredconditionals="1" methods="2" coveredmethods="2"/>
      <file name="acronyms.js" path="/Users/mohamadk/Documents/AcronymsApp/AcronymsApp/src/service/acronyms.js">
        <metrics statements="13" coveredstatements="11" conditionals="2" coveredconditionals="1" methods="2" coveredmethods="2"/>
        <line num="1" count="1" type="stmt"/>
        <line num="2" count="1" type="stmt"/>
        <line num="4" count="1" type="stmt"/>
        <line num="5" count="2" type="stmt"/>
        <line num="6" count="2" type="stmt"/>
        <line num="7" count="2" type="stmt"/>
        <line num="8" count="2" type="stmt"/>
        <line num="12" count="2" type="stmt"/>
        <line num="13" count="1" type="cond" truecount="1" falsecount="1"/>
        <line num="14" count="1" type="stmt"/>
        <line num="17" count="2" type="stmt"/>
        <line num="19" count="0" type="stmt"/>
        <line num="20" count="0" type="stmt"/>
      </file>
    </package>
  </project>
</coverage>
